2024-03-20 02:29:06: Error: Call to undefined function App\Http\Controller\http_get_request_headers() in /usr/local/src/Nui/app/Http/Controller/DashboardController.php:11
Stack trace:
#0 /usr/local/src/Nui/app/Kernel.php(85): App\Http\Controller\DashboardController->dashboard()
#1 /usr/local/src/Nui/app/Kernel.php(57): App\Kernel->App\{closure}()
#2 /usr/local/src/Nui/app/Http/Middleware/SessionStart.php(12): App\Kernel->App\{closure}()
#3 /usr/local/src/Nui/app/Kernel.php(75): App\Http\Middleware\SessionStart->handle()
#4 /usr/local/src/Nui/app/Kernel.php(137): App\Kernel->App\{closure}()
#5 /usr/local/src/Nui/public/index.php(10): App\Kernel->handle()
#6 {main}
2024-03-20 02:58:29: TypeError: App\Kernel::handle(): Return value must be of type App\Response, string returned in /usr/local/src/Nui/app/Kernel.php:137
Stack trace:
#0 /usr/local/src/Nui/public/index.php(10): App\Kernel->handle()
#1 {main}
2024-03-20 03:03:12: ErrorException: session_regenerate_id(): Session ID cannot be regenerated when there is no active session in /usr/local/src/Nui/boostrap/helpers.php:64
Stack trace:
#0 [internal function]: App\Kernel->App\{closure}()
#1 /usr/local/src/Nui/boostrap/helpers.php(64): session_regenerate_id()
#2 /usr/local/src/Nui/app/Http/Controller/LoginController.php(31): authLogin()
#3 /usr/local/src/Nui/app/Kernel.php(85): App\Http\Controller\LoginController->submit()
#4 /usr/local/src/Nui/app/Kernel.php(57): App\Kernel->App\{closure}()
#5 /usr/local/src/Nui/app/Http/Middleware/SessionStart.php(12): App\Kernel->App\{closure}()
#6 /usr/local/src/Nui/app/Kernel.php(75): App\Http\Middleware\SessionStart->handle()
#7 /usr/local/src/Nui/app/Kernel.php(137): App\Kernel->App\{closure}()
#8 /usr/local/src/Nui/public/index.php(10): App\Kernel->handle()
#9 {main}
2024-03-20 03:04:24: Error: Typed static property App\Auth::$instances must not be accessed before initialization in /usr/local/src/Nui/app/InstanceTrait.php:27
Stack trace:
#0 /usr/local/src/Nui/app/Http/Middleware/Authenticate.php(23): App\Auth::instance()
#1 /usr/local/src/Nui/app/Kernel.php(75): App\Http\Middleware\Authenticate->handle()
#2 /usr/local/src/Nui/app/Http/Middleware/SessionStart.php(12): App\Kernel->App\{closure}()
#3 /usr/local/src/Nui/app/Kernel.php(75): App\Http\Middleware\SessionStart->handle()
#4 /usr/local/src/Nui/app/Kernel.php(137): App\Kernel->App\{closure}()
#5 /usr/local/src/Nui/public/index.php(10): App\Kernel->handle()
#6 {main}
2024-03-20 03:06:14: Error: Cannot use object of type stdClass as array in /usr/local/src/Nui/app/Http/Middleware/Authenticate.php:23
Stack trace:
#0 /usr/local/src/Nui/app/Kernel.php(75): App\Http\Middleware\Authenticate->handle()
#1 /usr/local/src/Nui/app/Http/Middleware/SessionStart.php(12): App\Kernel->App\{closure}()
#2 /usr/local/src/Nui/app/Kernel.php(75): App\Http\Middleware\SessionStart->handle()
#3 /usr/local/src/Nui/app/Kernel.php(137): App\Kernel->App\{closure}()
#4 /usr/local/src/Nui/public/index.php(10): App\Kernel->handle()
#5 {main}
